# JRE version: Java(TM) SE Runtime Environment (8.0_191-b12) (build 1.8.0_191-b12)
# Java VM: Java HotSpot(TM) 64-Bit Server VM (25.191-b12 mixed mode windows-amd64 compressed oops)
Heap:
 PSYoungGen      total 223232K, used 35367K [0x00000000e0000000, 0x00000000efb80000, 0x0000000100000000)
  eden space 201728K, 10% used [0x00000000e0000000,0x00000000e1444478,0x00000000ec500000)
  from space 21504K, 67% used [0x00000000ec500000,0x00000000ed3457f8,0x00000000eda00000)
  to   space 21504K, 0% used [0x00000000eda00000,0x00000000eda00000,0x00000000eef00000)
 ParOldGen       total 253440K, used 17596K [0x00000000a0000000, 0x00000000af780000, 0x00000000e0000000)
  object space 253440K, 6% used [0x00000000a0000000,0x00000000a112f118,0x00000000af780000)
 Metaspace       used 43359K, capacity 44850K, committed 45144K, reserved 1087488K
  class space    used 6325K, capacity 6644K, committed 6744K, reserved 1048576K
GC Heap History (10 events):
Event: 9.845 GC heap before
{Heap before GC invocations=3 (full 1):
 PSYoungGen      total 153088K, used 14024K [0x00000000e0000000, 0x00000000eaa80000, 0x0000000100000000)
  eden space 131584K, 0% used [0x00000000e0000000,0x00000000e0000000,0x00000000e8080000)
  from space 21504K, 65% used [0x00000000e9580000,0x00000000ea3321b0,0x00000000eaa80000)
  to   space 21504K, 0% used [0x00000000e8080000,0x00000000e8080000,0x00000000e9580000)
 ParOldGen       total 349696K, used 24K [0x00000000a0000000, 0x00000000b5580000, 0x00000000e0000000)
  object space 349696K, 0% used [0x00000000a0000000,0x00000000a0006000,0x00000000b5580000)
 Metaspace       used 20549K, capacity 21002K, committed 21248K, reserved 1067008K
  class space    used 3046K, capacity 3204K, committed 3328K, reserved 1048576K
Event: 9.891 GC heap after
Heap after GC invocations=3 (full 1):
 PSYoungGen      total 153088K, used 0K [0x00000000e0000000, 0x00000000eaa80000, 0x0000000100000000)
  eden space 131584K, 0% used [0x00000000e0000000,0x00000000e0000000,0x00000000e8080000)
  from space 21504K, 0% used [0x00000000e9580000,0x00000000e9580000,0x00000000eaa80000)
  to   space 21504K, 0% used [0x00000000e8080000,0x00000000e8080000,0x00000000e9580000)
 ParOldGen       total 195072K, used 13510K [0x00000000a0000000, 0x00000000abe80000, 0x00000000e0000000)
  object space 195072K, 6% used [0x00000000a0000000,0x00000000a0d31a78,0x00000000abe80000)
 Metaspace       used 20549K, capacity 21002K, committed 21248K, reserved 1067008K
  class space    used 3046K, capacity 3204K, committed 3328K, reserved 1048576K
}
Event: 31.628 GC heap before
{Heap before GC invocations=4 (full 1):
 PSYoungGen      total 153088K, used 131584K [0x00000000e0000000, 0x00000000eaa80000, 0x0000000100000000)
  eden space 131584K, 100% used [0x00000000e0000000,0x00000000e8080000,0x00000000e8080000)
  from space 21504K, 0% used [0x00000000e9580000,0x00000000e9580000,0x00000000eaa80000)
  to   space 21504K, 0% used [0x00000000e8080000,0x00000000e8080000,0x00000000e9580000)
 ParOldGen       total 195072K, used 13510K [0x00000000a0000000, 0x00000000abe80000, 0x00000000e0000000)
  object space 195072K, 6% used [0x00000000a0000000,0x00000000a0d31a78,0x00000000abe80000)
 Metaspace       used 31612K, capacity 32288K, committed 32640K, reserved 1077248K
  class space    used 4509K, capacity 4680K, committed 4736K, reserved 1048576K
Event: 31.636 GC heap after
Heap after GC invocations=4 (full 1):
 PSYoungGen      total 153088K, used 12876K [0x00000000e0000000, 0x00000000eef00000, 0x0000000100000000)
  eden space 131584K, 0% used [0x00000000e0000000,0x00000000e0000000,0x00000000e8080000)
  from space 21504K, 59% used [0x00000000e8080000,0x00000000e8d13340,0x00000000e9580000)
  to   space 21504K, 0% used [0x00000000eda00000,0x00000000eda00000,0x00000000eef00000)
 ParOldGen       total 195072K, used 13518K [0x00000000a0000000, 0x00000000abe80000, 0x00000000e0000000)
  object space 195072K, 6% used [0x00000000a0000000,0x00000000a0d33a78,0x00000000abe80000)
 Metaspace       used 31612K, capacity 32288K, committed 32640K, reserved 1077248K
  class space    used 4509K, capacity 4680K, committed 4736K, reserved 1048576K
}
Event: 32.182 GC heap before
{Heap before GC invocations=5 (full 1):
 PSYoungGen      total 153088K, used 77216K [0x00000000e0000000, 0x00000000eef00000, 0x0000000100000000)
  eden space 131584K, 48% used [0x00000000e0000000,0x00000000e3ed4d38,0x00000000e8080000)
  from space 21504K, 59% used [0x00000000e8080000,0x00000000e8d13340,0x00000000e9580000)
  to   space 21504K, 0% used [0x00000000eda00000,0x00000000eda00000,0x00000000eef00000)
 ParOldGen       total 195072K, used 13518K [0x00000000a0000000, 0x00000000abe80000, 0x00000000e0000000)
  object space 195072K, 6% used [0x00000000a0000000,0x00000000a0d33a78,0x00000000abe80000)
 Metaspace       used 34596K, capacity 35368K, committed 35416K, reserved 1079296K
  class space    used 4975K, capacity 5201K, committed 5208K, reserved 1048576K
Event: 32.191 GC heap after
Heap after GC invocations=5 (full 1):
 PSYoungGen      total 223232K, used 10647K [0x00000000e0000000, 0x00000000efb80000, 0x0000000100000000)
  eden space 201728K, 0% used [0x00000000e0000000,0x00000000e0000000,0x00000000ec500000)
  from space 21504K, 49% used [0x00000000eda00000,0x00000000ee465d38,0x00000000eef00000)
  to   space 21504K, 0% used [0x00000000ec500000,0x00000000ec500000,0x00000000eda00000)
 ParOldGen       total 195072K, used 13526K [0x00000000a0000000, 0x00000000abe80000, 0x00000000e0000000)
  object space 195072K, 6% used [0x00000000a0000000,0x00000000a0d35a78,0x00000000abe80000)
 Metaspace       used 34596K, capacity 35368K, committed 35416K, reserved 1079296K
  class space    used 4975K, capacity 5201K, committed 5208K, reserved 1048576K
}
Event: 32.191 GC heap before
{Heap before GC invocations=6 (full 2):
 PSYoungGen      total 223232K, used 10647K [0x00000000e0000000, 0x00000000efb80000, 0x0000000100000000)
  eden space 201728K, 0% used [0x00000000e0000000,0x00000000e0000000,0x00000000ec500000)
  from space 21504K, 49% used [0x00000000eda00000,0x00000000ee465d38,0x00000000eef00000)
  to   space 21504K, 0% used [0x00000000ec500000,0x00000000ec500000,0x00000000eda00000)
 ParOldGen       total 195072K, used 13526K [0x00000000a0000000, 0x00000000abe80000, 0x00000000e0000000)
  object space 195072K, 6% used [0x00000000a0000000,0x00000000a0d35a78,0x00000000abe80000)
 Metaspace       used 34596K, capacity 35368K, committed 35416K, reserved 1079296K
  class space    used 4975K, capacity 5201K, committed 5208K, reserved 1048576K
Event: 32.236 GC heap after
Heap after GC invocations=6 (full 2):
 PSYoungGen      total 223232K, used 0K [0x00000000e0000000, 0x00000000efb80000, 0x0000000100000000)
  eden space 201728K, 0% used [0x00000000e0000000,0x00000000e0000000,0x00000000ec500000)
  from space 21504K, 0% used [0x00000000eda00000,0x00000000eda00000,0x00000000eef00000)
  to   space 21504K, 0% used [0x00000000ec500000,0x00000000ec500000,0x00000000eda00000)
 ParOldGen       total 253440K, used 17588K [0x00000000a0000000, 0x00000000af780000, 0x00000000e0000000)
  object space 253440K, 6% used [0x00000000a0000000,0x00000000a112d118,0x00000000af780000)
 Metaspace       used 34596K, capacity 35368K, committed 35416K, reserved 1079296K
  class space    used 4975K, capacity 5201K, committed 5208K, reserved 1048576K
}
Event: 36.171 GC heap before
{Heap before GC invocations=7 (full 2):
 PSYoungGen      total 223232K, used 201728K [0x00000000e0000000, 0x00000000efb80000, 0x0000000100000000)
  eden space 201728K, 100% used [0x00000000e0000000,0x00000000ec500000,0x00000000ec500000)
  from space 21504K, 0% used [0x00000000eda00000,0x00000000eda00000,0x00000000eef00000)
  to   space 21504K, 0% used [0x00000000ec500000,0x00000000ec500000,0x00000000eda00000)
 ParOldGen       total 253440K, used 17588K [0x00000000a0000000, 0x00000000af780000, 0x00000000e0000000)
  object space 253440K, 6% used [0x00000000a0000000,0x00000000a112d118,0x00000000af780000)
 Metaspace       used 42787K, capacity 44230K, committed 44504K, reserved 1087488K
  class space    used 6226K, capacity 6567K, committed 6616K, reserved 1048576K
Event: 36.213 GC heap after
Heap after GC invocations=7 (full 2):
 PSYoungGen      total 223232K, used 14613K [0x00000000e0000000, 0x00000000efb80000, 0x0000000100000000)
  eden space 201728K, 0% used [0x00000000e0000000,0x00000000e0000000,0x00000000ec500000)
  from space 21504K, 67% used [0x00000000ec500000,0x00000000ed3457f8,0x00000000eda00000)
  to   space 21504K, 0% used [0x00000000eda00000,0x00000000eda00000,0x00000000eef00000)
 ParOldGen       total 253440K, used 17596K [0x00000000a0000000, 0x00000000af780000, 0x00000000e0000000)
  object space 253440K, 6% used [0x00000000a0000000,0x00000000a112f118,0x00000000af780000)
 Metaspace       used 42787K, capacity 44230K, committed 44504K, reserved 1087488K
  class space    used 6226K, capacity 6567K, committed 6616K, reserved 1048576K
}

