# JRE version: Java(TM) SE Runtime Environment (8.0_191-b12) (build 1.8.0_191-b12)
# Java VM: Java HotSpot(TM) 64-Bit Server VM (25.191-b12 mixed mode windows-amd64 compressed oops)
Heap:
 PSYoungGen      total 286208K, used 53812K [0x00000000e0000000, 0x00000000faa80000, 0x0000000100000000)
  eden space 258560K, 20% used [0x00000000e0000000,0x00000000e348d3c0,0x00000000efc80000)
  from space 27648K, 0% used [0x00000000efc80000,0x00000000efc80000,0x00000000f1780000)
  to   space 34304K, 0% used [0x00000000f8900000,0x00000000f8900000,0x00000000faa80000)
 ParOldGen       total 330240K, used 64988K [0x00000000a0000000, 0x00000000b4280000, 0x00000000e0000000)
  object space 330240K, 19% used [0x00000000a0000000,0x00000000a3f772f0,0x00000000b4280000)
 Metaspace       used 56719K, capacity 61232K, committed 61400K, reserved 1101824K
  class space    used 8279K, capacity 9097K, committed 9176K, reserved 1048576K
GC Heap History (10 events):
Event: 13.713 GC heap before
{Heap before GC invocations=6 (full 2):
 PSYoungGen      total 214016K, used 10541K [0x00000000e0000000, 0x00000000eec80000, 0x0000000100000000)
  eden space 192512K, 0% used [0x00000000e0000000,0x00000000e0000000,0x00000000ebc00000)
  from space 21504K, 49% used [0x00000000ed100000,0x00000000edb4b7d8,0x00000000ee600000)
  to   space 21504K, 0% used [0x00000000ebc00000,0x00000000ebc00000,0x00000000ed100000)
 ParOldGen       total 215552K, used 13764K [0x00000000a0000000, 0x00000000ad280000, 0x00000000e0000000)
  object space 215552K, 6% used [0x00000000a0000000,0x00000000a0d71138,0x00000000ad280000)
 Metaspace       used 34626K, capacity 35352K, committed 35416K, reserved 1079296K
  class space    used 4984K, capacity 5169K, committed 5208K, reserved 1048576K
Event: 13.787 GC heap after
Heap after GC invocations=6 (full 2):
 PSYoungGen      total 214016K, used 0K [0x00000000e0000000, 0x00000000eec80000, 0x0000000100000000)
  eden space 192512K, 0% used [0x00000000e0000000,0x00000000e0000000,0x00000000ebc00000)
  from space 21504K, 0% used [0x00000000ed100000,0x00000000ed100000,0x00000000ee600000)
  to   space 21504K, 0% used [0x00000000ebc00000,0x00000000ebc00000,0x00000000ed100000)
 ParOldGen       total 330240K, used 17540K [0x00000000a0000000, 0x00000000b4280000, 0x00000000e0000000)
  object space 330240K, 5% used [0x00000000a0000000,0x00000000a11212f0,0x00000000b4280000)
 Metaspace       used 34626K, capacity 35352K, committed 35416K, reserved 1079296K
  class space    used 4984K, capacity 5169K, committed 5208K, reserved 1048576K
}
Event: 20.661 GC heap before
{Heap before GC invocations=7 (full 2):
 PSYoungGen      total 214016K, used 192512K [0x00000000e0000000, 0x00000000eec80000, 0x0000000100000000)
  eden space 192512K, 100% used [0x00000000e0000000,0x00000000ebc00000,0x00000000ebc00000)
  from space 21504K, 0% used [0x00000000ed100000,0x00000000ed100000,0x00000000ee600000)
  to   space 21504K, 0% used [0x00000000ebc00000,0x00000000ebc00000,0x00000000ed100000)
 ParOldGen       total 330240K, used 17540K [0x00000000a0000000, 0x00000000b4280000, 0x00000000e0000000)
  object space 330240K, 5% used [0x00000000a0000000,0x00000000a11212f0,0x00000000b4280000)
 Metaspace       used 42368K, capacity 43820K, committed 43864K, reserved 1087488K
  class space    used 6164K, capacity 6486K, committed 6488K, reserved 1048576K
Event: 20.677 GC heap after
Heap after GC invocations=7 (full 2):
 PSYoungGen      total 214016K, used 14113K [0x00000000e0000000, 0x00000000f2700000, 0x0000000100000000)
  eden space 192512K, 0% used [0x00000000e0000000,0x00000000e0000000,0x00000000ebc00000)
  from space 21504K, 65% used [0x00000000ebc00000,0x00000000ec9c8438,0x00000000ed100000)
  to   space 15872K, 0% used [0x00000000f1780000,0x00000000f1780000,0x00000000f2700000)
 ParOldGen       total 330240K, used 17548K [0x00000000a0000000, 0x00000000b4280000, 0x00000000e0000000)
  object space 330240K, 5% used [0x00000000a0000000,0x00000000a11232f0,0x00000000b4280000)
 Metaspace       used 42368K, capacity 43820K, committed 43864K, reserved 1087488K
  class space    used 6164K, capacity 6486K, committed 6488K, reserved 1048576K
}
Event: 24.588 GC heap before
{Heap before GC invocations=8 (full 2):
 PSYoungGen      total 214016K, used 206625K [0x00000000e0000000, 0x00000000f2700000, 0x0000000100000000)
  eden space 192512K, 100% used [0x00000000e0000000,0x00000000ebc00000,0x00000000ebc00000)
  from space 21504K, 65% used [0x00000000ebc00000,0x00000000ec9c8438,0x00000000ed100000)
  to   space 15872K, 0% used [0x00000000f1780000,0x00000000f1780000,0x00000000f2700000)
 ParOldGen       total 330240K, used 17548K [0x00000000a0000000, 0x00000000b4280000, 0x00000000e0000000)
  object space 330240K, 5% used [0x00000000a0000000,0x00000000a11232f0,0x00000000b4280000)
 Metaspace       used 49731K, capacity 52978K, committed 53208K, reserved 1095680K
  class space    used 7279K, capacity 7829K, committed 7896K, reserved 1048576K
Event: 24.647 GC heap after
Heap after GC invocations=8 (full 2):
 PSYoungGen      total 274432K, used 15845K [0x00000000e0000000, 0x00000000f4900000, 0x0000000100000000)
  eden space 258560K, 0% used [0x00000000e0000000,0x00000000e0000000,0x00000000efc80000)
  from space 15872K, 99% used [0x00000000f1780000,0x00000000f26f9768,0x00000000f2700000)
  to   space 27648K, 0% used [0x00000000efc80000,0x00000000efc80000,0x00000000f1780000)
 ParOldGen       total 330240K, used 35657K [0x00000000a0000000, 0x00000000b4280000, 0x00000000e0000000)
  object space 330240K, 10% used [0x00000000a0000000,0x00000000a22d27e8,0x00000000b4280000)
 Metaspace       used 49731K, capacity 52978K, committed 53208K, reserved 1095680K
  class space    used 7279K, capacity 7829K, committed 7896K, reserved 1048576K
}
Event: 33.706 GC heap before
{Heap before GC invocations=9 (full 2):
 PSYoungGen      total 274432K, used 226093K [0x00000000e0000000, 0x00000000f4900000, 0x0000000100000000)
  eden space 258560K, 81% used [0x00000000e0000000,0x00000000ecd51ed0,0x00000000efc80000)
  from space 15872K, 99% used [0x00000000f1780000,0x00000000f26f9768,0x00000000f2700000)
  to   space 27648K, 0% used [0x00000000efc80000,0x00000000efc80000,0x00000000f1780000)
 ParOldGen       total 330240K, used 35657K [0x00000000a0000000, 0x00000000b4280000, 0x00000000e0000000)
  object space 330240K, 10% used [0x00000000a0000000,0x00000000a22d27e8,0x00000000b4280000)
 Metaspace       used 54835K, capacity 58922K, committed 58968K, reserved 1099776K
  class space    used 8028K, capacity 8773K, committed 8792K, reserved 1048576K
Event: 33.740 GC heap after
Heap after GC invocations=9 (full 2):
 PSYoungGen      total 286208K, used 27637K [0x00000000e0000000, 0x00000000faa80000, 0x0000000100000000)
  eden space 258560K, 0% used [0x00000000e0000000,0x00000000e0000000,0x00000000efc80000)
  from space 27648K, 99% used [0x00000000efc80000,0x00000000f177d708,0x00000000f1780000)
  to   space 34304K, 0% used [0x00000000f8900000,0x00000000f8900000,0x00000000faa80000)
 ParOldGen       total 330240K, used 40977K [0x00000000a0000000, 0x00000000b4280000, 0x00000000e0000000)
  object space 330240K, 12% used [0x00000000a0000000,0x00000000a2804490,0x00000000b4280000)
 Metaspace       used 54835K, capacity 58922K, committed 58968K, reserved 1099776K
  class space    used 8028K, capacity 8773K, committed 8792K, reserved 1048576K
}
Event: 33.740 GC heap before
{Heap before GC invocations=10 (full 3):
 PSYoungGen      total 286208K, used 27637K [0x00000000e0000000, 0x00000000faa80000, 0x0000000100000000)
  eden space 258560K, 0% used [0x00000000e0000000,0x00000000e0000000,0x00000000efc80000)
  from space 27648K, 99% used [0x00000000efc80000,0x00000000f177d708,0x00000000f1780000)
  to   space 34304K, 0% used [0x00000000f8900000,0x00000000f8900000,0x00000000faa80000)
 ParOldGen       total 330240K, used 40977K [0x00000000a0000000, 0x00000000b4280000, 0x00000000e0000000)
  object space 330240K, 12% used [0x00000000a0000000,0x00000000a2804490,0x00000000b4280000)
 Metaspace       used 54835K, capacity 58922K, committed 58968K, reserved 1099776K
  class space    used 8028K, capacity 8773K, committed 8792K, reserved 1048576K
Event: 34.230 GC heap after
Heap after GC invocations=10 (full 3):
 PSYoungGen      total 286208K, used 0K [0x00000000e0000000, 0x00000000faa80000, 0x0000000100000000)
  eden space 258560K, 0% used [0x00000000e0000000,0x00000000e0000000,0x00000000efc80000)
  from space 27648K, 0% used [0x00000000efc80000,0x00000000efc80000,0x00000000f1780000)
  to   space 34304K, 0% used [0x00000000f8900000,0x00000000f8900000,0x00000000faa80000)
 ParOldGen       total 330240K, used 64988K [0x00000000a0000000, 0x00000000b4280000, 0x00000000e0000000)
  object space 330240K, 19% used [0x00000000a0000000,0x00000000a3f772f0,0x00000000b4280000)
 Metaspace       used 54835K, capacity 58922K, committed 58968K, reserved 1099776K
  class space    used 8028K, capacity 8773K, committed 8792K, reserved 1048576K
}

